<?xml version="1.0" encoding="UTF-8"?>
<!-- Generated by org.testng.reporters.JUnitReportReporter -->
<testsuite hostname="LAPTOP-2B0D9MGJ" failures="0" tests="1" name="pack.fblogin" time="11.957" errors="0" timestamp="2020-11-30T20:57:51 IST" skipped="0">
  <testcase classname="pack.fblogin" name="facebooktest" time="11.957"/>
</testsuite> <!-- pack.fblogin -->
